<?xml version="1.0" encoding="UTF-8"?>
<!-- Generated by org.testng.reporters.JUnitReportReporter -->
<testsuite hostname="NUMBER-1" failures="0" tests="5" name="swaglab_test.LoginTest" time="38.696" errors="0" timestamp="03 Jul 2025 05:55:11 GMT" skipped="0">
  <testcase classname="swaglab_test.LoginTest" name="LoginSuccessTest" time="7.999"/>
  <testcase classname="swaglab_test.LoginTest" name="LoginFailureTestFromProperties" time="7.015"/>
  <testcase classname="swaglab_test.LoginTest" name="LockedUserLoginFailureTest" time="6.875"/>
  <testcase classname="swaglab_test.LoginTest" name="LoginFailureTestFromExcel" time="7.066"/>
  <testcase classname="swaglab_test.LoginTest" name="LoginFailureTest" time="9.741"/>
</testsuite> <!-- swaglab_test.LoginTest -->
