<?xml version="1.0" encoding="UTF-8"?>
<!-- Generated by org.testng.reporters.JUnitReportReporter -->
<testsuite hostname="NUMBER-1" failures="0" tests="2" name="testng.AnnotationsExample" time="0.024" errors="0" timestamp="22 Jun 2025 11:41:20 GMT" skipped="1">
  <testcase classname="testng.AnnotationsExample" name="test1" time="0.024"/>
  <testcase classname="testng.AnnotationsExample" name="test2">
    <skipped/>
  </testcase> <!-- test2 -->
</testsuite> <!-- testng.AnnotationsExample -->
