<?xml version="1.0" encoding="UTF-8"?>
<!-- Generated by org.testng.reporters.JUnitReportReporter -->
<testsuite hostname="NUMBER-1" failures="0" tests="1" name="testng.AnnotationsExample2" time="0.003" errors="0" timestamp="22 Jun 2025 11:41:20 GMT" skipped="0">
  <testcase classname="testng.AnnotationsExample2" name="test3" time="0.003"/>
</testsuite> <!-- testng.AnnotationsExample2 -->
