<?xml version="1.0" encoding="UTF-8"?>
<!-- Generated by org.testng.reporters.JUnitReportReporter -->
<testsuite hostname="NUMBER-1" failures="0" tests="1" name="swaglab_test.ProductsTest" time="6.568" errors="0" timestamp="23 Jun 2025 05:01:46 GMT" skipped="0">
  <testcase classname="swaglab_test.ProductsTest" name="AddToCartTest" time="6.568"/>
</testsuite> <!-- swaglab_test.ProductsTest -->
