<?xml version="1.0" encoding="UTF-8"?>
<!-- Generated by org.testng.reporters.JUnitReportReporter -->
<testsuite hostname="NUMBER-1" failures="0" tests="1" name="swaglab_test.LoginTest" time="6.706" errors="0" timestamp="03 Jul 2025 05:20:13 GMT" skipped="0">
  <testcase classname="swaglab_test.LoginTest" name="LoginFailureTestFromExcel" time="6.706"/>
</testsuite> <!-- swaglab_test.LoginTest -->
