<?xml version="1.0" encoding="UTF-8"?>
<!-- Generated by org.testng.reporters.JUnitReportReporter -->
<testsuite hostname="NUMBER-1" failures="0" tests="4" name="swaglab_test.LoginTest" time="41.910" errors="0" timestamp="03 Jul 2025 05:45:43 GMT" skipped="0">
  <testcase classname="swaglab_test.LoginTest" name="LoginFailureTestFromExcel" time="13.558"/>
  <testcase classname="swaglab_test.LoginTest" name="LoginSuccessTest" time="10.175"/>
  <testcase classname="swaglab_test.LoginTest" name="LoginFailureTest" time="7.520"/>
  <testcase classname="swaglab_test.LoginTest" name="LockedUserLoginFailureTest" time="10.657"/>
</testsuite> <!-- swaglab_test.LoginTest -->
