<?xml version="1.0" encoding="UTF-8"?>
<!-- Generated by org.testng.reporters.JUnitReportReporter -->
<testsuite hostname="NUMBER-1" failures="0" tests="5" name="swaglab_test.LoginTest" time="50.826" errors="0" timestamp="06 Jul 2025 05:09:19 GMT" skipped="0">
  <testcase classname="swaglab_test.LoginTest" name="LoginFailureTestFromProperties" time="6.839"/>
  <testcase classname="swaglab_test.LoginTest" name="LoginFailureTestFromExcel" time="14.966"/>
  <testcase classname="swaglab_test.LoginTest" name="LockedUserLoginFailureTest" time="6.455"/>
  <testcase classname="swaglab_test.LoginTest" name="LoginSuccessTest" time="12.643"/>
  <testcase classname="swaglab_test.LoginTest" name="LoginFailureTest" time="9.923"/>
</testsuite> <!-- swaglab_test.LoginTest -->
